2025-08-21 22:19:53,648 - underwater_training - INFO - Underwater Object Detection Training Framework
2025-08-21 22:19:53,648 - underwater_training - INFO - Experiment directory: ./experiments_results/experiment_20250821_221953
2025-08-21 22:19:53,648 - underwater_training - INFO - Dataset path: ../preprocessed_dataset
2025-08-21 22:19:53,648 - underwater_training - INFO - Approaches to train: yolov8
2025-08-21 22:19:53,662 - underwater_training - INFO - 
============================================================
2025-08-21 22:19:53,663 - underwater_training - INFO - Starting training for YOLOV8 approach
2025-08-21 22:19:53,663 - underwater_training - INFO - ============================================================
2025-08-21 22:19:53,664 - underwater_training - INFO - Loading dataset...
2025-08-21 22:20:17,626 - underwater_training - INFO - Training yolov8 model...
2025-08-21 22:20:17,627 - underwater_training - ERROR - Error training yolov8: 'NoneType' object has no attribute 'fit'
2025-08-21 22:20:17,631 - underwater_training - ERROR - Traceback (most recent call last):
  File "/Users/caoducanh/Desktop/Coding/UnderwaterObjectClassification/experiments/run_all_experiments.py", line 218, in train_single_approach
    history = trainer.train(
              ^^^^^^^^^^^^^^
  File "/Users/caoducanh/Desktop/Coding/UnderwaterObjectClassification/experiments/approach1_yolov8/yolov8_underwater.py", line 446, in train
    history = self.model.fit(
              ^^^^^^^^^^^^^^
AttributeError: 'NoneType' object has no attribute 'fit'

2025-08-21 22:20:17,632 - underwater_training - INFO - 
Training Summary:
2025-08-21 22:20:17,633 - underwater_training - INFO -    YOLOV8: Failed - 'NoneType' object has no attribute 'fit'
2025-08-21 22:20:17,633 - underwater_training - INFO - 
Experiment completed! Results saved to: ./experiments_results/experiment_20250821_221953
