2025-08-21 22:22:15,518 - underwater_training - INFO - Underwater Object Detection Training Framework
2025-08-21 22:22:15,518 - underwater_training - INFO - Experiment directory: ./experiments_results/experiment_20250821_222215
2025-08-21 22:22:15,518 - underwater_training - INFO - Dataset path: ../preprocessed_dataset
2025-08-21 22:22:15,518 - underwater_training - INFO - Approaches to train: yolov8
2025-08-21 22:22:15,532 - underwater_training - INFO - 
============================================================
2025-08-21 22:22:15,532 - underwater_training - INFO - Starting training for YOLOV8 approach
2025-08-21 22:22:15,532 - underwater_training - INFO - ============================================================
2025-08-21 22:22:15,533 - underwater_training - INFO - Loading dataset...
2025-08-21 22:22:39,726 - underwater_training - INFO - Training yolov8 model...
2025-08-21 22:22:39,727 - underwater_training - ERROR - Error training yolov8: 'model'
2025-08-21 22:22:39,730 - underwater_training - ERROR - Traceback (most recent call last):
  File "/Users/caoducanh/Desktop/Coding/UnderwaterObjectClassification/experiments/run_all_experiments.py", line 218, in train_single_approach
    history = trainer.train(
              ^^^^^^^^^^^^^^
  File "/Users/caoducanh/Desktop/Coding/UnderwaterObjectClassification/experiments/approach1_yolov8/yolov8_underwater.py", line 437, in train
    self.build_model()
  File "/Users/caoducanh/Desktop/Coding/UnderwaterObjectClassification/experiments/approach1_yolov8/yolov8_underwater.py", line 376, in build_model
    model_config = self.config['model']
                   ~~~~~~~~~~~^^^^^^^^^
KeyError: 'model'

2025-08-21 22:22:39,732 - underwater_training - INFO - 
Training Summary:
2025-08-21 22:22:39,732 - underwater_training - INFO -    YOLOV8: Failed - 'model'
2025-08-21 22:22:39,732 - underwater_training - INFO - 
Experiment completed! Results saved to: ./experiments_results/experiment_20250821_222215
